2023-08-28 21:24:35,532 INFO org.springframework.boot.StartupInfoLogger [main] Starting CobSalesForceServiceApplication using Java 11.0.17 on DESKTOP-0UFDSSS with PID 21968 (C:\cob\COB-SalesForce-Service\target\classes started by HP in C:\cob\COB-SalesForce-Service)
2023-08-28 21:24:35,535 INFO org.springframework.boot.SpringApplication [main] No active profile set, falling back to 1 default profile: "default"
2023-08-28 21:24:36,283 INFO org.springframework.data.repository.config.RepositoryConfigurationDelegate [main] Bootstrapping Spring Data JPA repositories in DEFAULT mode.
2023-08-28 21:24:36,380 INFO org.springframework.data.repository.config.RepositoryConfigurationDelegate [main] Finished Spring Data repository scanning in 86 ms. Found 17 JPA repository interfaces.
2023-08-28 21:24:36,751 INFO org.springframework.boot.web.embedded.tomcat.TomcatWebServer [main] Tomcat initialized with port(s): 8080 (http)
2023-08-28 21:24:36,756 INFO org.apache.juli.logging.DirectJDKLog [main] Initializing ProtocolHandler ["http-nio-8080"]
2023-08-28 21:24:36,757 INFO org.apache.juli.logging.DirectJDKLog [main] Starting service [Tomcat]
2023-08-28 21:24:36,757 INFO org.apache.juli.logging.DirectJDKLog [main] Starting Servlet engine: [Apache Tomcat/9.0.71]
2023-08-28 21:24:36,839 INFO org.apache.juli.logging.DirectJDKLog [main] Initializing Spring embedded WebApplicationContext
2023-08-28 21:24:36,840 INFO org.springframework.boot.web.servlet.context.ServletWebServerApplicationContext [main] Root WebApplicationContext: initialization completed in 1270 ms
2023-08-28 21:24:37,043 INFO org.hibernate.jpa.internal.util.LogHelper [main] HHH000204: Processing PersistenceUnitInfo [name: default]
2023-08-28 21:24:37,070 INFO org.hibernate.Version [main] HHH000412: Hibernate ORM core version 5.6.15.Final
2023-08-28 21:24:37,145 INFO org.hibernate.annotations.common.reflection.java.JavaReflectionManager [main] HCANN000001: Hibernate Commons Annotations {5.1.2.Final}
2023-08-28 21:24:37,205 INFO com.zaxxer.hikari.HikariDataSource [main] HikariPool-1 - Starting...
2023-08-28 21:24:37,208 WARN com.zaxxer.hikari.util.DriverDataSource [main] Registered driver with driverClassName=com.mysql.jdbc.Driver was not found, trying direct instantiation.
2023-08-28 21:24:37,312 INFO com.zaxxer.hikari.HikariDataSource [main] HikariPool-1 - Start completed.
2023-08-28 21:24:37,324 INFO org.hibernate.dialect.Dialect [main] HHH000400: Using dialect: org.hibernate.dialect.MySQL8Dialect
2023-08-28 21:24:37,821 INFO org.hibernate.engine.transaction.jta.platform.internal.JtaPlatformInitiator [main] HHH000490: Using JtaPlatform implementation: [org.hibernate.engine.transaction.jta.platform.internal.NoJtaPlatform]
2023-08-28 21:24:37,827 INFO org.springframework.orm.jpa.AbstractEntityManagerFactoryBean [main] Initialized JPA EntityManagerFactory for persistence unit 'default'
2023-08-28 21:24:39,476 WARN org.springframework.boot.autoconfigure.orm.jpa.JpaBaseConfiguration$JpaWebConfiguration [main] spring.jpa.open-in-view is enabled by default. Therefore, database queries may be performed during view rendering. Explicitly configure spring.jpa.open-in-view to disable this warning
2023-08-28 21:24:39,598 INFO org.springframework.security.web.DefaultSecurityFilterChain [main] Will secure any request with [org.springframework.security.web.session.DisableEncodeUrlFilter@3f1eb1bc, org.springframework.security.web.context.request.async.WebAsyncManagerIntegrationFilter@69497a36, org.springframework.security.web.context.SecurityContextPersistenceFilter@cc81cb3, org.springframework.security.web.header.HeaderWriterFilter@4c343088, org.springframework.security.web.authentication.logout.LogoutFilter@6d598162, org.springframework.security.oauth2.server.resource.web.BearerTokenAuthenticationFilter@776d50d6, org.springframework.security.web.savedrequest.RequestCacheAwareFilter@33ea437a, org.springframework.security.web.servletapi.SecurityContextHolderAwareRequestFilter@333afc53, org.springframework.security.web.authentication.AnonymousAuthenticationFilter@497f8a4b, org.springframework.security.web.session.SessionManagementFilter@3f8961fc, org.springframework.security.web.access.ExceptionTranslationFilter@7b1d3a05, org.springframework.security.web.access.intercept.AuthorizationFilter@ebcf6c0]
2023-08-28 21:24:39,864 INFO org.springframework.boot.actuate.endpoint.web.EndpointLinksResolver [main] Exposing 1 endpoint(s) beneath base path '/actuator'
2023-08-28 21:24:39,886 INFO org.apache.juli.logging.DirectJDKLog [main] Starting ProtocolHandler ["http-nio-8080"]
2023-08-28 21:24:39,899 INFO org.springframework.boot.web.embedded.tomcat.TomcatWebServer [main] Tomcat started on port(s): 8080 (http) with context path '/intake-service/api'
2023-08-28 21:24:39,912 INFO org.springframework.boot.StartupInfoLogger [main] Started CobSalesForceServiceApplication in 4.786 seconds (JVM running for 5.846)
2023-08-28 21:24:40,390 INFO org.apache.juli.logging.DirectJDKLog [RMI TCP Connection(2)-10.10.11.254] Initializing Spring DispatcherServlet 'dispatcherServlet'
2023-08-28 21:24:40,392 INFO org.springframework.web.servlet.FrameworkServlet [RMI TCP Connection(2)-10.10.11.254] Initializing Servlet 'dispatcherServlet'
2023-08-28 21:24:40,393 INFO org.springframework.web.servlet.FrameworkServlet [RMI TCP Connection(2)-10.10.11.254] Completed initialization in 1 ms
2023-08-28 21:24:47,873 INFO org.apache.juli.logging.DirectJDKLog [http-nio-8080-exec-4] Before request [GET /intake-service/api/clinic/find, client=0:0:0:0:0:0:0:1, user=5c42b04a-ea8a-48fb-ad93-8396cc9345f3]
2023-08-28 21:24:47,873 INFO org.apache.juli.logging.DirectJDKLog [http-nio-8080-exec-1] Before request [GET /intake-service/api/dashboard/data/clinicId/1/userId/5c42b04a-ea8a-48fb-ad93-8396cc9345f3/startDate/0/endDate/0, client=0:0:0:0:0:0:0:1, user=5c42b04a-ea8a-48fb-ad93-8396cc9345f3]
2023-08-28 21:24:47,993 DEBUG com.cob.salesforce.services.dashboard.DashboardServiceImpl [http-nio-8080-exec-1] DashboardService-Get Clinics Data 5c42b04a-ea8a-48fb-ad93-8396cc9345f3
2023-08-28 21:24:47,998 DEBUG com.cob.salesforce.services.dashboard.DashboardServiceImpl [http-nio-8080-exec-1] DashboardService-Get Clinics Data:totalPatients 1.0
2023-08-28 21:24:48,002 INFO org.apache.juli.logging.DirectJDKLog [http-nio-8080-exec-4] Patient-Intake : GET /intake-service/api/clinic/find, client=0:0:0:0:0:0:0:1, user=5c42b04a-ea8a-48fb-ad93-8396cc9345f3]
2023-08-28 21:24:48,019 DEBUG com.cob.salesforce.services.dashboard.DashboardServiceImpl [http-nio-8080-exec-1] DashboardService-Get Clinics Data:Clinic  clinic1 , numberOfPatient 1.0 
2023-08-28 21:24:48,020 DEBUG com.cob.salesforce.services.dashboard.DashboardServiceImpl [http-nio-8080-exec-1] DashboardService-Get Clinics Data:Clinic  clinic1 , Percentage 100.0 
2023-08-28 21:24:48,022 DEBUG com.cob.salesforce.services.dashboard.DashboardServiceImpl [http-nio-8080-exec-1] DashboardService-Get Clinics Data:Clinic  clinic2 , numberOfPatient 0.0 
2023-08-28 21:24:48,023 DEBUG com.cob.salesforce.services.dashboard.DashboardServiceImpl [http-nio-8080-exec-1] DashboardService-Get Clinics Data:Clinic  clinic2 , Percentage 0.0 
2023-08-28 21:24:48,025 DEBUG com.cob.salesforce.services.dashboard.DashboardServiceImpl [http-nio-8080-exec-1] DashboardService-Get Clinics Data:Clinic  clinic3 , numberOfPatient 0.0 
2023-08-28 21:24:48,025 DEBUG com.cob.salesforce.services.dashboard.DashboardServiceImpl [http-nio-8080-exec-1] DashboardService-Get Clinics Data:Clinic  clinic3 , Percentage 0.0 
2023-08-28 21:24:48,028 DEBUG com.cob.salesforce.services.dashboard.DashboardServiceImpl [http-nio-8080-exec-1] DashboardService-Get Clinics Data:Clinic  clinic4 , numberOfPatient 0.0 
2023-08-28 21:24:48,029 DEBUG com.cob.salesforce.services.dashboard.DashboardServiceImpl [http-nio-8080-exec-1] DashboardService-Get Clinics Data:Clinic  clinic4 , Percentage 0.0 
2023-08-28 21:24:48,040 INFO org.apache.juli.logging.DirectJDKLog [http-nio-8080-exec-1] Patient-Intake : GET /intake-service/api/dashboard/data/clinicId/1/userId/5c42b04a-ea8a-48fb-ad93-8396cc9345f3/startDate/0/endDate/0, client=0:0:0:0:0:0:0:1, user=5c42b04a-ea8a-48fb-ad93-8396cc9345f3]
2023-08-28 21:24:48,837 INFO org.apache.juli.logging.DirectJDKLog [http-nio-8080-exec-3] Before request [GET /intake-service/api/user/find, client=0:0:0:0:0:0:0:1, user=5c42b04a-ea8a-48fb-ad93-8396cc9345f3]
2023-08-28 21:24:49,398 INFO org.apache.juli.logging.DirectJDKLog [http-nio-8080-exec-3] Patient-Intake : GET /intake-service/api/user/find, client=0:0:0:0:0:0:0:1, user=5c42b04a-ea8a-48fb-ad93-8396cc9345f3]
